[0.025s] Invoking command in '/home/farelfebryan/finalproject_ws/build/keliling': CMAKE_PREFIX_PATH=${CMAKE_PREFIX_PATH}:/opt/ros/humble /usr/bin/cmake --build /home/farelfebryan/finalproject_ws/build/keliling -- -j8 -l8
[0.076s] [35m[1mConsolidate compiler generated dependencies of target kell_lapangan[0m
[0.101s] [ 50%] [32mBuilding CXX object CMakeFiles/kell_lapangan.dir/src/kellLapangan.cpp.o[0m
[2.796s] [01m[K/home/farelfebryan/finalproject_ws/src/keliling/src/kellLapangan.cpp:[m[K In member function â€˜[01m[Kvoid kellLapangan::pergerakanRobot(nav_msgs::msg::Odometry_<std::allocator<void> >::SharedPtr)[m[Kâ€™:
[2.796s] [01m[K/home/farelfebryan/finalproject_ws/src/keliling/src/kellLapangan.cpp:44:38:[m[K [01;31m[Kerror: [m[Kâ€˜[01m[KgetYaw[m[Kâ€™ is not a member of â€˜[01m[Ktf2[m[Kâ€™
[2.797s]    44 |         double sudut_sekarang = tf2::[01;31m[KgetYaw[m[K(msg->pose.pose.orientation);
[2.797s]       |                                      [01;31m[K^~~~~~[m[K
[2.805s] [01m[K/home/farelfebryan/finalproject_ws/src/keliling/src/kellLapangan.cpp:49:45:[m[K [01;31m[Kerror: [m[Kâ€˜[01m[Kdistance_error[m[Kâ€™ was not declared in this scope
[2.806s]    49 |         double linear_output = kp_linear_ * [01;31m[Kdistance_error[m[K + ki_linear_ * integral_linear_ + kd_linear_ * (distance_error - previous_distance_error_);
[2.806s]       |                                             [01;31m[K^~~~~~~~~~~~~~[m[K
[2.814s] [01m[K/home/farelfebryan/finalproject_ws/src/keliling/src/kellLapangan.cpp:54:47:[m[K [01;31m[Kerror: [m[Kâ€˜[01m[Kangle_error[m[Kâ€™ was not declared in this scope
[2.814s]    54 |         double angular_output = kp_angular_ * [01;31m[Kangle_error[m[K + ki_angular_ * integral_angular_ + kd_angular_ * (angle_error - previous_angle_error_);
[2.814s]       |                                               [01;31m[K^~~~~~~~~~~[m[K
[2.815s] [01m[K/home/farelfebryan/finalproject_ws/src/keliling/src/kellLapangan.cpp:46:16:[m[K [01;35m[Kwarning: [m[Kunused variable â€˜[01m[Kselisih_sudut[m[Kâ€™ [[01;35m[K]8;;https://gcc.gnu.org/onlinedocs/gcc/Warning-Options.html#index-Wunused-variable-Wunused-variable]8;;[m[K]
[2.815s]    46 |         double [01;35m[Kselisih_sudut[m[K = target_sudut - sudut_sekarang;
[2.815s]       |                [01;35m[K^~~~~~~~~~~~~[m[K
[2.821s] [01m[K/home/farelfebryan/finalproject_ws/src/keliling/src/kellLapangan.cpp:[m[K In function â€˜[01m[Kint main(int, char**)[m[Kâ€™:
[2.821s] [01m[K/home/farelfebryan/finalproject_ws/src/keliling/src/kellLapangan.cpp:92:35:[m[K [01;31m[Kerror: [m[Kâ€˜[01m[KmoveTarget[m[Kâ€™ was not declared in this scope
[2.821s]    92 |     rclcpp::spin(std::make_shared<[01;31m[KmoveTarget[m[K>());
[2.821s]       |                                   [01;31m[K^~~~~~~~~~[m[K
[2.821s] [01m[K/home/farelfebryan/finalproject_ws/src/keliling/src/kellLapangan.cpp:92:46:[m[K [01;31m[Kerror: [m[Kno matching function for call to â€˜[01m[Kmake_shared<<expression error> >()[m[Kâ€™
[2.821s]    92 |     rclcpp::spin([01;31m[Kstd::make_shared<moveTarget>()[m[K);
[2.821s]       |                  [01;31m[K~~~~~~~~~~~~~~~~~~~~~~~~~~~~^~[m[K
[2.821s] In file included from [01m[K/usr/include/c++/11/memory:77[m[K,
[2.822s]                  from [01m[K/opt/ros/humble/include/rclcpp/rclcpp/rclcpp.hpp:153[m[K,
[2.822s]                  from [01m[K/home/farelfebryan/finalproject_ws/src/keliling/src/kellLapangan.cpp:1[m[K:
[2.822s] [01m[K/usr/include/c++/11/bits/shared_ptr.h:875:5:[m[K [01;36m[Knote: [m[Kcandidate: â€˜[01m[Ktemplate<class _Tp, class ... _Args> std::shared_ptr<_Tp> std::make_shared(_Args&& ...)[m[Kâ€™
[2.822s]   875 |     [01;36m[Kmake_shared[m[K(_Args&&... __args)
[2.822s]       |     [01;36m[K^~~~~~~~~~~[m[K
[2.822s] [01m[K/usr/include/c++/11/bits/shared_ptr.h:875:5:[m[K [01;36m[Knote: [m[K  template argument deduction/substitution failed:
[2.822s] [01m[K/home/farelfebryan/finalproject_ws/src/keliling/src/kellLapangan.cpp:92:46:[m[K [01;31m[Kerror: [m[Ktemplate argument 1 is invalid
[2.822s]    92 |     rclcpp::spin([01;31m[Kstd::make_shared<moveTarget>()[m[K);
[2.822s]       |                  [01;31m[K~~~~~~~~~~~~~~~~~~~~~~~~~~~~^~[m[K
[5.405s] gmake[2]: *** [CMakeFiles/kell_lapangan.dir/build.make:76: CMakeFiles/kell_lapangan.dir/src/kellLapangan.cpp.o] Error 1
[5.405s] gmake[1]: *** [CMakeFiles/Makefile2:137: CMakeFiles/kell_lapangan.dir/all] Error 2
[5.405s] gmake: *** [Makefile:146: all] Error 2
[5.408s] Invoked command in '/home/farelfebryan/finalproject_ws/build/keliling' returned '2': CMAKE_PREFIX_PATH=${CMAKE_PREFIX_PATH}:/opt/ros/humble /usr/bin/cmake --build /home/farelfebryan/finalproject_ws/build/keliling -- -j8 -l8
