[0.026s] Invoking command in '/home/farelfebryan/finalproject_ws/build/pid': CMAKE_PREFIX_PATH=${CMAKE_PREFIX_PATH}:/opt/ros/humble /usr/bin/cmake --build /home/farelfebryan/finalproject_ws/build/pid -- -j8 -l8
[0.083s] [35m[1mConsolidate compiler generated dependencies of target move_target[0m
[0.110s] [ 50%] [32mBuilding CXX object CMakeFiles/move_target.dir/src/pidcontrol.cpp.o[0m
[2.816s] [01m[K/home/farelfebryan/finalproject_ws/src/pid/src/pidcontrol.cpp:[m[K In member function â€˜[01m[Kvoid moveTarget::pergerakanRobot(nav_msgs::msg::Odometry_<std::allocator<void> >::SharedPtr)[m[Kâ€™:
[2.817s] [01m[K/home/farelfebryan/finalproject_ws/src/pid/src/pidcontrol.cpp:32:38:[m[K [01;31m[Kerror: [m[Kâ€˜[01m[KgetYaw[m[Kâ€™ is not a member of â€˜[01m[Ktf2[m[Kâ€™
[2.817s]    32 |         double sudut_sekarang = tf2::[01;31m[KgetYaw[m[K(msg->pose.pose.orientation);
[2.817s]       |                                      [01;31m[K^~~~~~[m[K
[5.665s] gmake[2]: *** [CMakeFiles/move_target.dir/build.make:76: CMakeFiles/move_target.dir/src/pidcontrol.cpp.o] Error 1
[5.665s] gmake[1]: *** [CMakeFiles/Makefile2:137: CMakeFiles/move_target.dir/all] Error 2
[5.665s] gmake: *** [Makefile:146: all] Error 2
[5.667s] Invoked command in '/home/farelfebryan/finalproject_ws/build/pid' returned '2': CMAKE_PREFIX_PATH=${CMAKE_PREFIX_PATH}:/opt/ros/humble /usr/bin/cmake --build /home/farelfebryan/finalproject_ws/build/pid -- -j8 -l8
