[01m[K/home/farelfebryan/finalproject_ws/src/keliling/src/kellLapangan.cpp:[m[K In member function â€˜[01m[Kvoid kellLapangan::pergerakanRobot(nav_msgs::msg::Odometry_<std::allocator<void> >::SharedPtr)[m[Kâ€™:
[01m[K/home/farelfebryan/finalproject_ws/src/keliling/src/kellLapangan.cpp:44:38:[m[K [01;31m[Kerror: [m[Kâ€˜[01m[KgetYaw[m[Kâ€™ is not a member of â€˜[01m[Ktf2[m[Kâ€™
   44 |         double sudut_sekarang = tf2::[01;31m[KgetYaw[m[K(msg->pose.pose.orientation);
      |                                      [01;31m[K^~~~~~[m[K
[01m[K/home/farelfebryan/finalproject_ws/src/keliling/src/kellLapangan.cpp:49:45:[m[K [01;31m[Kerror: [m[Kâ€˜[01m[Kdistance_error[m[Kâ€™ was not declared in this scope
   49 |         double linear_output = kp_linear_ * [01;31m[Kdistance_error[m[K + ki_linear_ * integral_linear_ + kd_linear_ * (distance_error - previous_distance_error_);
      |                                             [01;31m[K^~~~~~~~~~~~~~[m[K
[01m[K/home/farelfebryan/finalproject_ws/src/keliling/src/kellLapangan.cpp:54:47:[m[K [01;31m[Kerror: [m[Kâ€˜[01m[Kangle_error[m[Kâ€™ was not declared in this scope
   54 |         double angular_output = kp_angular_ * [01;31m[Kangle_error[m[K + ki_angular_ * integral_angular_ + kd_angular_ * (angle_error - previous_angle_error_);
      |                                               [01;31m[K^~~~~~~~~~~[m[K
[01m[K/home/farelfebryan/finalproject_ws/src/keliling/src/kellLapangan.cpp:46:16:[m[K [01;35m[Kwarning: [m[Kunused variable â€˜[01m[Kselisih_sudut[m[Kâ€™ [[01;35m[K]8;;https://gcc.gnu.org/onlinedocs/gcc/Warning-Options.html#index-Wunused-variable-Wunused-variable]8;;[m[K]
   46 |         double [01;35m[Kselisih_sudut[m[K = target_sudut - sudut_sekarang;
      |                [01;35m[K^~~~~~~~~~~~~[m[K
gmake[2]: *** [CMakeFiles/kell_lapangan.dir/build.make:76: CMakeFiles/kell_lapangan.dir/src/kellLapangan.cpp.o] Error 1
gmake[1]: *** [CMakeFiles/Makefile2:137: CMakeFiles/kell_lapangan.dir/all] Error 2
gmake: *** [Makefile:146: all] Error 2
