[0.030s] Invoking command in '/home/farelfebryan/finalproject_ws/build/bola': CMAKE_PREFIX_PATH=${CMAKE_PREFIX_PATH}:/opt/ros/humble /usr/bin/cmake /home/farelfebryan/finalproject_ws/src/bola -DCMAKE_INSTALL_PREFIX=/home/farelfebryan/finalproject_ws/install/bola
[0.202s] -- The C compiler identification is GNU 11.4.0
[0.366s] -- The CXX compiler identification is GNU 11.4.0
[0.386s] -- Detecting C compiler ABI info
[0.586s] -- Detecting C compiler ABI info - done
[0.613s] -- Check for working C compiler: /usr/bin/cc - skipped
[0.615s] -- Detecting C compile features
[0.616s] -- Detecting C compile features - done
[0.628s] -- Detecting CXX compiler ABI info
[0.899s] -- Detecting CXX compiler ABI info - done
[0.926s] -- Check for working CXX compiler: /usr/bin/c++ - skipped
[0.927s] -- Detecting CXX compile features
[0.928s] -- Detecting CXX compile features - done
[0.932s] -- Found ament_cmake: 1.3.10 (/opt/ros/humble/share/ament_cmake/cmake)
[1.467s] -- Found Python3: /usr/bin/python3 (found version "3.10.12") found components: Interpreter 
[1.757s] -- Found rclcpp: 16.0.10 (/opt/ros/humble/share/rclcpp/cmake)
[1.905s] -- Found rosidl_generator_c: 3.1.5 (/opt/ros/humble/share/rosidl_generator_c/cmake)
[1.921s] -- Found rosidl_adapter: 3.1.5 (/opt/ros/humble/share/rosidl_adapter/cmake)
[1.954s] -- Found rosidl_generator_cpp: 3.1.5 (/opt/ros/humble/share/rosidl_generator_cpp/cmake)
[2.003s] -- Using all available rosidl_typesupport_c: rosidl_typesupport_fastrtps_c;rosidl_typesupport_introspection_c
[2.067s] -- Using all available rosidl_typesupport_cpp: rosidl_typesupport_fastrtps_cpp;rosidl_typesupport_introspection_cpp
[2.243s] -- Found rmw_implementation_cmake: 6.1.2 (/opt/ros/humble/share/rmw_implementation_cmake/cmake)
[2.254s] -- Found rmw_fastrtps_cpp: 6.2.7 (/opt/ros/humble/share/rmw_fastrtps_cpp/cmake)
[2.526s] -- Found OpenSSL: /usr/lib/x86_64-linux-gnu/libcrypto.so (found version "3.0.2")  
[2.608s] -- Found FastRTPS: /opt/ros/humble/include  
[2.715s] -- Using RMW implementation 'rmw_fastrtps_cpp' as default
[2.740s] -- Looking for pthread.h
[2.943s] -- Looking for pthread.h - found
[2.944s] -- Performing Test CMAKE_HAVE_LIBC_PTHREAD
[3.159s] -- Performing Test CMAKE_HAVE_LIBC_PTHREAD - Success
[3.163s] -- Found Threads: TRUE  
[3.330s] -- Found sensor_msgs: 4.2.4 (/opt/ros/humble/share/sensor_msgs/cmake)
[3.444s] -- Found cv_bridge: 3.2.1 (/opt/ros/humble/share/cv_bridge/cmake)
[3.488s] -- Found OpenCV: /usr (found version "4.5.4") 
[3.504s] -- Found ament_lint_auto: 0.12.11 (/opt/ros/humble/share/ament_lint_auto/cmake)
[3.764s] -- Added test 'cppcheck' to perform static code analysis on C / C++ code
[3.764s] -- Configured cppcheck include dirs: 
[3.765s] -- Configured cppcheck exclude dirs and/or files: 
[3.767s] -- Added test 'lint_cmake' to check CMake code style
[3.772s] -- Added test 'uncrustify' to check C / C++ code style
[3.772s] -- Configured uncrustify additional arguments: 
[3.774s] -- Added test 'xmllint' to check XML markup files
[3.777s] -- Configuring done
[3.825s] -- Generating done
[3.828s] -- Build files have been written to: /home/farelfebryan/finalproject_ws/build/bola
[3.866s] Invoked command in '/home/farelfebryan/finalproject_ws/build/bola' returned '0': CMAKE_PREFIX_PATH=${CMAKE_PREFIX_PATH}:/opt/ros/humble /usr/bin/cmake /home/farelfebryan/finalproject_ws/src/bola -DCMAKE_INSTALL_PREFIX=/home/farelfebryan/finalproject_ws/install/bola
[3.872s] Invoking command in '/home/farelfebryan/finalproject_ws/build/bola': CMAKE_PREFIX_PATH=${CMAKE_PREFIX_PATH}:/opt/ros/humble /usr/bin/cmake --build /home/farelfebryan/finalproject_ws/build/bola -- -j8 -l8
[4.044s] [ 25%] [32mBuilding CXX object CMakeFiles/ball_detector.dir/src/deteksibola.cpp.o[0m
[4.047s] [ 50%] [32mBuilding CXX object CMakeFiles/robot_follower.dir/src/kejarbola.cpp.o[0m
[21.643s] gmake[2]: *** wait: No child processes.  Stop.
[21.644s] gmake[2]: *** Waiting for unfinished jobs....
[21.644s] gmake[2]: *** wait: No child processes.  Stop.
[21.644s] gmake[1]: *** [CMakeFiles/Makefile2:165: CMakeFiles/robot_follower.dir/all] Error 2
[21.646s] gmake[2]: *** wait: No child processes.  Stop.
[21.647s] gmake[2]: *** Waiting for unfinished jobs....
[21.648s] gmake[2]: *** wait: No child processes.  Stop.
[21.649s] gmake[1]: *** [CMakeFiles/Makefile2:139: CMakeFiles/ball_detector.dir/all] Error 2
[21.650s] gmake: *** [Makefile:146: all] Interrupt
[21.734s] Invoked command in '/home/farelfebryan/finalproject_ws/build/bola' returned '-2': CMAKE_PREFIX_PATH=${CMAKE_PREFIX_PATH}:/opt/ros/humble /usr/bin/cmake --build /home/farelfebryan/finalproject_ws/build/bola -- -j8 -l8
