[35m[1mConsolidate compiler generated dependencies of target kell_lapangan[0m
[ 50%] [32mBuilding CXX object CMakeFiles/kell_lapangan.dir/src/kellLapangan.cpp.o[0m
[01m[K/home/farelfebryan/finalproject_ws/src/keliling/src/kellLapangan.cpp:[m[K In member function â€˜[01m[Kvoid kellLapangan::pergerakanRobot(nav_msgs::msg::Odometry_<std::allocator<void> >::SharedPtr)[m[Kâ€™:
[01m[K/home/farelfebryan/finalproject_ws/src/keliling/src/kellLapangan.cpp:51:13:[m[K [01;31m[Kerror: [m[Kâ€˜[01m[Kposisi_robot_x[m[Kâ€™ was not declared in this scope
   51 |         if ([01;31m[Kposisi_robot_x[m[K < batas_x_min || posisi_robot_x > batas_x_max ||
      |             [01;31m[K^~~~~~~~~~~~~~[m[K
[01m[K/home/farelfebryan/finalproject_ws/src/keliling/src/kellLapangan.cpp:52:9:[m[K [01;31m[Kerror: [m[Kâ€˜[01m[Kposisi_robot_y[m[Kâ€™ was not declared in this scope
   52 |         [01;31m[Kposisi_robot_y[m[K < batas_y_min || posisi_robot_y > batas_y_max) {
      |         [01;31m[K^~~~~~~~~~~~~~[m[K
gmake[2]: *** [CMakeFiles/kell_lapangan.dir/build.make:76: CMakeFiles/kell_lapangan.dir/src/kellLapangan.cpp.o] Error 1
gmake[1]: *** [CMakeFiles/Makefile2:137: CMakeFiles/kell_lapangan.dir/all] Error 2
gmake: *** [Makefile:146: all] Error 2
