-- Found ament_cmake: 1.3.10 (/opt/ros/humble/share/ament_cmake/cmake)
-- Found rclcpp: 16.0.10 (/opt/ros/humble/share/rclcpp/cmake)
-- Found rosidl_generator_c: 3.1.5 (/opt/ros/humble/share/rosidl_generator_c/cmake)
-- Found rosidl_adapter: 3.1.5 (/opt/ros/humble/share/rosidl_adapter/cmake)
-- Found rosidl_generator_cpp: 3.1.5 (/opt/ros/humble/share/rosidl_generator_cpp/cmake)
-- Using all available rosidl_typesupport_c: rosidl_typesupport_fastrtps_c;rosidl_typesupport_introspection_c
-- Using all available rosidl_typesupport_cpp: rosidl_typesupport_fastrtps_cpp;rosidl_typesupport_introspection_cpp
-- Found rmw_implementation_cmake: 6.1.2 (/opt/ros/humble/share/rmw_implementation_cmake/cmake)
-- Found rmw_fastrtps_cpp: 6.2.7 (/opt/ros/humble/share/rmw_fastrtps_cpp/cmake)
-- Using RMW implementation 'rmw_fastrtps_cpp' as default
-- Found geometry_msgs: 4.2.4 (/opt/ros/humble/share/geometry_msgs/cmake)
-- Found nav_msgs: 4.2.4 (/opt/ros/humble/share/nav_msgs/cmake)
-- Found tf2_geometry_msgs: 0.25.8 (/opt/ros/humble/share/tf2_geometry_msgs/cmake)
-- Found eigen3_cmake_module: 0.1.1 (/opt/ros/humble/share/eigen3_cmake_module/cmake)
-- Ensuring Eigen3 include directory is part of orocos-kdl CMake target
-- Found ament_lint_auto: 0.12.11 (/opt/ros/humble/share/ament_lint_auto/cmake)
-- Added test 'cppcheck' to perform static code analysis on C / C++ code
-- Configured cppcheck include dirs: 
-- Configured cppcheck exclude dirs and/or files: 
-- Added test 'lint_cmake' to check CMake code style
-- Added test 'uncrustify' to check C / C++ code style
-- Configured uncrustify additional arguments: 
-- Added test 'xmllint' to check XML markup files
-- Configuring done
-- Generating done
-- Build files have been written to: /home/farelfebryan/finalproject_ws/build/keliling
[35m[1mConsolidate compiler generated dependencies of target kell_lapangan[0m
[ 50%] [32mBuilding CXX object CMakeFiles/kell_lapangan.dir/src/kellLapangan.cpp.o[0m
[01m[K/home/farelfebryan/finalproject_ws/src/keliling/src/kellLapangan.cpp:[m[K In member function â€˜[01m[Kvoid kellLapangan::pergerakanRobot(nav_msgs::msg::Odometry_<std::allocator<void> >::SharedPtr)[m[Kâ€™:
[01m[K/home/farelfebryan/finalproject_ws/src/keliling/src/kellLapangan.cpp:44:38:[m[K [01;31m[Kerror: [m[Kâ€˜[01m[KgetYaw[m[Kâ€™ is not a member of â€˜[01m[Ktf2[m[Kâ€™
   44 |         double sudut_sekarang = tf2::[01;31m[KgetYaw[m[K(msg->pose.pose.orientation);
      |                                      [01;31m[K^~~~~~[m[K
[01m[K/home/farelfebryan/finalproject_ws/src/keliling/src/kellLapangan.cpp:49:45:[m[K [01;31m[Kerror: [m[Kâ€˜[01m[Kdistance_error[m[Kâ€™ was not declared in this scope
   49 |         double linear_output = kp_linear_ * [01;31m[Kdistance_error[m[K + ki_linear_ * integral_linear_ + kd_linear_ * (distance_error - previous_distance_error_);
      |                                             [01;31m[K^~~~~~~~~~~~~~[m[K
[01m[K/home/farelfebryan/finalproject_ws/src/keliling/src/kellLapangan.cpp:54:47:[m[K [01;31m[Kerror: [m[Kâ€˜[01m[Kangle_error[m[Kâ€™ was not declared in this scope
   54 |         double angular_output = kp_angular_ * [01;31m[Kangle_error[m[K + ki_angular_ * integral_angular_ + kd_angular_ * (angle_error - previous_angle_error_);
      |                                               [01;31m[K^~~~~~~~~~~[m[K
[01m[K/home/farelfebryan/finalproject_ws/src/keliling/src/kellLapangan.cpp:46:16:[m[K [01;35m[Kwarning: [m[Kunused variable â€˜[01m[Kselisih_sudut[m[Kâ€™ [[01;35m[K]8;;https://gcc.gnu.org/onlinedocs/gcc/Warning-Options.html#index-Wunused-variable-Wunused-variable]8;;[m[K]
   46 |         double [01;35m[Kselisih_sudut[m[K = target_sudut - sudut_sekarang;
      |                [01;35m[K^~~~~~~~~~~~~[m[K
[01m[K/home/farelfebryan/finalproject_ws/src/keliling/src/kellLapangan.cpp:[m[K In function â€˜[01m[Kint main(int, char**)[m[Kâ€™:
[01m[K/home/farelfebryan/finalproject_ws/src/keliling/src/kellLapangan.cpp:92:35:[m[K [01;31m[Kerror: [m[Kâ€˜[01m[KmoveTarget[m[Kâ€™ was not declared in this scope
   92 |     rclcpp::spin(std::make_shared<[01;31m[KmoveTarget[m[K>());
      |                                   [01;31m[K^~~~~~~~~~[m[K
[01m[K/home/farelfebryan/finalproject_ws/src/keliling/src/kellLapangan.cpp:92:46:[m[K [01;31m[Kerror: [m[Kno matching function for call to â€˜[01m[Kmake_shared<<expression error> >()[m[Kâ€™
   92 |     rclcpp::spin([01;31m[Kstd::make_shared<moveTarget>()[m[K);
      |                  [01;31m[K~~~~~~~~~~~~~~~~~~~~~~~~~~~~^~[m[K
In file included from [01m[K/usr/include/c++/11/memory:77[m[K,
                 from [01m[K/opt/ros/humble/include/rclcpp/rclcpp/rclcpp.hpp:153[m[K,
                 from [01m[K/home/farelfebryan/finalproject_ws/src/keliling/src/kellLapangan.cpp:1[m[K:
[01m[K/usr/include/c++/11/bits/shared_ptr.h:875:5:[m[K [01;36m[Knote: [m[Kcandidate: â€˜[01m[Ktemplate<class _Tp, class ... _Args> std::shared_ptr<_Tp> std::make_shared(_Args&& ...)[m[Kâ€™
  875 |     [01;36m[Kmake_shared[m[K(_Args&&... __args)
      |     [01;36m[K^~~~~~~~~~~[m[K
[01m[K/usr/include/c++/11/bits/shared_ptr.h:875:5:[m[K [01;36m[Knote: [m[K  template argument deduction/substitution failed:
[01m[K/home/farelfebryan/finalproject_ws/src/keliling/src/kellLapangan.cpp:92:46:[m[K [01;31m[Kerror: [m[Ktemplate argument 1 is invalid
   92 |     rclcpp::spin([01;31m[Kstd::make_shared<moveTarget>()[m[K);
      |                  [01;31m[K~~~~~~~~~~~~~~~~~~~~~~~~~~~~^~[m[K
gmake[2]: *** [CMakeFiles/kell_lapangan.dir/build.make:76: CMakeFiles/kell_lapangan.dir/src/kellLapangan.cpp.o] Error 1
gmake[1]: *** [CMakeFiles/Makefile2:137: CMakeFiles/kell_lapangan.dir/all] Error 2
gmake: *** [Makefile:146: all] Error 2
