[0.025s] Invoking command in '/home/farelfebryan/finalproject_ws/build/keliling': CMAKE_PREFIX_PATH=${CMAKE_PREFIX_PATH}:/opt/ros/humble /usr/bin/cmake --build /home/farelfebryan/finalproject_ws/build/keliling -- -j8 -l8
[0.051s] -- Found ament_cmake: 1.3.10 (/opt/ros/humble/share/ament_cmake/cmake)
[0.222s] -- Found rclcpp: 16.0.10 (/opt/ros/humble/share/rclcpp/cmake)
[0.255s] -- Found rosidl_generator_c: 3.1.5 (/opt/ros/humble/share/rosidl_generator_c/cmake)
[0.257s] -- Found rosidl_adapter: 3.1.5 (/opt/ros/humble/share/rosidl_adapter/cmake)
[0.263s] -- Found rosidl_generator_cpp: 3.1.5 (/opt/ros/humble/share/rosidl_generator_cpp/cmake)
[0.273s] -- Using all available rosidl_typesupport_c: rosidl_typesupport_fastrtps_c;rosidl_typesupport_introspection_c
[0.291s] -- Using all available rosidl_typesupport_cpp: rosidl_typesupport_fastrtps_cpp;rosidl_typesupport_introspection_cpp
[0.336s] -- Found rmw_implementation_cmake: 6.1.2 (/opt/ros/humble/share/rmw_implementation_cmake/cmake)
[0.337s] -- Found rmw_fastrtps_cpp: 6.2.7 (/opt/ros/humble/share/rmw_fastrtps_cpp/cmake)
[0.433s] -- Using RMW implementation 'rmw_fastrtps_cpp' as default
[0.484s] -- Found geometry_msgs: 4.2.4 (/opt/ros/humble/share/geometry_msgs/cmake)
[0.497s] -- Found nav_msgs: 4.2.4 (/opt/ros/humble/share/nav_msgs/cmake)
[0.515s] -- Found tf2_geometry_msgs: 0.25.8 (/opt/ros/humble/share/tf2_geometry_msgs/cmake)
[0.517s] -- Found eigen3_cmake_module: 0.1.1 (/opt/ros/humble/share/eigen3_cmake_module/cmake)
[0.519s] -- Ensuring Eigen3 include directory is part of orocos-kdl CMake target
[0.608s] -- Found ament_lint_auto: 0.12.11 (/opt/ros/humble/share/ament_lint_auto/cmake)
[0.681s] -- Added test 'cppcheck' to perform static code analysis on C / C++ code
[0.681s] -- Configured cppcheck include dirs: 
[0.681s] -- Configured cppcheck exclude dirs and/or files: 
[0.682s] -- Added test 'lint_cmake' to check CMake code style
[0.683s] -- Added test 'uncrustify' to check C / C++ code style
[0.683s] -- Configured uncrustify additional arguments: 
[0.684s] -- Added test 'xmllint' to check XML markup files
[0.685s] -- Configuring done
[0.699s] -- Generating done
[0.701s] -- Build files have been written to: /home/farelfebryan/finalproject_ws/build/keliling
[0.725s] [35m[1mConsolidate compiler generated dependencies of target kell_lapangan[0m
[0.742s] [ 50%] [32mBuilding CXX object CMakeFiles/kell_lapangan.dir/src/kellLapangan.cpp.o[0m
[3.282s] [01m[K/home/farelfebryan/finalproject_ws/src/keliling/src/kellLapangan.cpp:[m[K In member function â€˜[01m[Kvoid kellLapangan::pergerakanRobot(nav_msgs::msg::Odometry_<std::allocator<void> >::SharedPtr)[m[Kâ€™:
[3.282s] [01m[K/home/farelfebryan/finalproject_ws/src/keliling/src/kellLapangan.cpp:44:38:[m[K [01;31m[Kerror: [m[Kâ€˜[01m[KgetYaw[m[Kâ€™ is not a member of â€˜[01m[Ktf2[m[Kâ€™
[3.282s]    44 |         double sudut_sekarang = tf2::[01;31m[KgetYaw[m[K(msg->pose.pose.orientation);
[3.282s]       |                                      [01;31m[K^~~~~~[m[K
[3.291s] [01m[K/home/farelfebryan/finalproject_ws/src/keliling/src/kellLapangan.cpp:49:45:[m[K [01;31m[Kerror: [m[Kâ€˜[01m[Kdistance_error[m[Kâ€™ was not declared in this scope
[3.291s]    49 |         double linear_output = kp_linear_ * [01;31m[Kdistance_error[m[K + ki_linear_ * integral_linear_ + kd_linear_ * (distance_error - previous_distance_error_);
[3.291s]       |                                             [01;31m[K^~~~~~~~~~~~~~[m[K
[3.298s] [01m[K/home/farelfebryan/finalproject_ws/src/keliling/src/kellLapangan.cpp:54:47:[m[K [01;31m[Kerror: [m[Kâ€˜[01m[Kangle_error[m[Kâ€™ was not declared in this scope
[3.298s]    54 |         double angular_output = kp_angular_ * [01;31m[Kangle_error[m[K + ki_angular_ * integral_angular_ + kd_angular_ * (angle_error - previous_angle_error_);
[3.298s]       |                                               [01;31m[K^~~~~~~~~~~[m[K
[3.299s] [01m[K/home/farelfebryan/finalproject_ws/src/keliling/src/kellLapangan.cpp:46:16:[m[K [01;35m[Kwarning: [m[Kunused variable â€˜[01m[Kselisih_sudut[m[Kâ€™ [[01;35m[K]8;;https://gcc.gnu.org/onlinedocs/gcc/Warning-Options.html#index-Wunused-variable-Wunused-variable]8;;[m[K]
[3.299s]    46 |         double [01;35m[Kselisih_sudut[m[K = target_sudut - sudut_sekarang;
[3.299s]       |                [01;35m[K^~~~~~~~~~~~~[m[K
[3.304s] [01m[K/home/farelfebryan/finalproject_ws/src/keliling/src/kellLapangan.cpp:[m[K In function â€˜[01m[Kint main(int, char**)[m[Kâ€™:
[3.304s] [01m[K/home/farelfebryan/finalproject_ws/src/keliling/src/kellLapangan.cpp:92:35:[m[K [01;31m[Kerror: [m[Kâ€˜[01m[KmoveTarget[m[Kâ€™ was not declared in this scope
[3.305s]    92 |     rclcpp::spin(std::make_shared<[01;31m[KmoveTarget[m[K>());
[3.305s]       |                                   [01;31m[K^~~~~~~~~~[m[K
[3.305s] [01m[K/home/farelfebryan/finalproject_ws/src/keliling/src/kellLapangan.cpp:92:46:[m[K [01;31m[Kerror: [m[Kno matching function for call to â€˜[01m[Kmake_shared<<expression error> >()[m[Kâ€™
[3.305s]    92 |     rclcpp::spin([01;31m[Kstd::make_shared<moveTarget>()[m[K);
[3.305s]       |                  [01;31m[K~~~~~~~~~~~~~~~~~~~~~~~~~~~~^~[m[K
[3.305s] In file included from [01m[K/usr/include/c++/11/memory:77[m[K,
[3.305s]                  from [01m[K/opt/ros/humble/include/rclcpp/rclcpp/rclcpp.hpp:153[m[K,
[3.305s]                  from [01m[K/home/farelfebryan/finalproject_ws/src/keliling/src/kellLapangan.cpp:1[m[K:
[3.305s] [01m[K/usr/include/c++/11/bits/shared_ptr.h:875:5:[m[K [01;36m[Knote: [m[Kcandidate: â€˜[01m[Ktemplate<class _Tp, class ... _Args> std::shared_ptr<_Tp> std::make_shared(_Args&& ...)[m[Kâ€™
[3.305s]   875 |     [01;36m[Kmake_shared[m[K(_Args&&... __args)
[3.306s]       |     [01;36m[K^~~~~~~~~~~[m[K
[3.306s] [01m[K/usr/include/c++/11/bits/shared_ptr.h:875:5:[m[K [01;36m[Knote: [m[K  template argument deduction/substitution failed:
[3.306s] [01m[K/home/farelfebryan/finalproject_ws/src/keliling/src/kellLapangan.cpp:92:46:[m[K [01;31m[Kerror: [m[Ktemplate argument 1 is invalid
[3.306s]    92 |     rclcpp::spin([01;31m[Kstd::make_shared<moveTarget>()[m[K);
[3.306s]       |                  [01;31m[K~~~~~~~~~~~~~~~~~~~~~~~~~~~~^~[m[K
[5.817s] gmake[2]: *** [CMakeFiles/kell_lapangan.dir/build.make:76: CMakeFiles/kell_lapangan.dir/src/kellLapangan.cpp.o] Error 1
[5.817s] gmake[1]: *** [CMakeFiles/Makefile2:137: CMakeFiles/kell_lapangan.dir/all] Error 2
[5.818s] gmake: *** [Makefile:146: all] Error 2
