[0.032s] Invoking command in '/home/farelfebryan/finalproject_ws/build/pid': CMAKE_PREFIX_PATH=${CMAKE_PREFIX_PATH}:/opt/ros/humble /usr/bin/cmake --build /home/farelfebryan/finalproject_ws/build/pid -- -j8 -l8
[0.094s] [35m[1mConsolidate compiler generated dependencies of target move_target[0m
[0.135s] [ 50%] [32mBuilding CXX object CMakeFiles/move_target.dir/src/pidcontrol.cpp.o[0m
[3.358s] [01m[K/home/farelfebryan/finalproject_ws/src/pid/src/pidcontrol.cpp:[m[K In member function â€˜[01m[Kvoid moveTarget::pergerakanRobot(nav_msgs::msg::Odometry_<std::allocator<void> >::SharedPtr)[m[Kâ€™:
[3.358s] [01m[K/home/farelfebryan/finalproject_ws/src/pid/src/pidcontrol.cpp:32:30:[m[K [01;31m[Kerror: [m[Kexpected initializer before â€˜[01m[Krget_sudut[m[Kâ€™
[3.358s]    32 |         double ta            [01;31m[Krget_sudut[m[K = std::atan2(target_y - posisi_robot_y, target_x - posisi_robot_x);
[3.359s]       |                              [01;31m[K^~~~~~~~~~[m[K
[3.367s] [01m[K/home/farelfebryan/finalproject_ws/src/pid/src/pidcontrol.cpp:36:32:[m[K [01;31m[Kerror: [m[Kâ€˜[01m[Ktarget_sudut[m[Kâ€™ was not declared in this scope
[3.367s]    36 |         double selisih_sudut = [01;31m[Ktarget_sudut[m[K - sudut_sekarang;
[3.368s]       |                                [01;31m[K^~~~~~~~~~~~[m[K
[6.229s] gmake[2]: *** [CMakeFiles/move_target.dir/build.make:76: CMakeFiles/move_target.dir/src/pidcontrol.cpp.o] Error 1
[6.229s] gmake[1]: *** [CMakeFiles/Makefile2:137: CMakeFiles/move_target.dir/all] Error 2
[6.230s] gmake: *** [Makefile:146: all] Error 2
[6.232s] Invoked command in '/home/farelfebryan/finalproject_ws/build/pid' returned '2': CMAKE_PREFIX_PATH=${CMAKE_PREFIX_PATH}:/opt/ros/humble /usr/bin/cmake --build /home/farelfebryan/finalproject_ws/build/pid -- -j8 -l8
