[0.029s] Invoking command in '/home/farelfebryan/finalproject_ws/build/keliling': CMAKE_PREFIX_PATH=${CMAKE_PREFIX_PATH}:/opt/ros/humble /usr/bin/cmake --build /home/farelfebryan/finalproject_ws/build/keliling -- -j8 -l8
[0.091s] [ 50%] [32mBuilding CXX object CMakeFiles/kell_lapangan.dir/src/kellLapangan.cpp.o[0m
[2.695s] [01m[K/home/farelfebryan/finalproject_ws/src/keliling/src/kellLapangan.cpp:[m[K In constructor â€˜[01m[KkellLapangan::kellLapangan()[m[Kâ€™:
[2.695s] [01m[K/home/farelfebryan/finalproject_ws/src/keliling/src/kellLapangan.cpp:18:9:[m[K [01;31m[Kerror: [m[Kâ€˜[01m[Ktarget_x_1[m[Kâ€™ was not declared in this scope; did you mean â€˜[01m[Ktarget_x_2[m[Kâ€™?
[2.695s]    18 |         [01;31m[Ktarget_x_1[m[K = -7.0;
[2.695s]       |         [01;31m[K^~~~~~~~~~[m[K
[2.696s]       |         [32m[Ktarget_x_2[m[K
[2.700s] [01m[K/home/farelfebryan/finalproject_ws/src/keliling/src/kellLapangan.cpp:19:9:[m[K [01;31m[Kerror: [m[Kâ€˜[01m[Ktarget_y_1[m[Kâ€™ was not declared in this scope; did you mean â€˜[01m[Ktarget_y_2[m[Kâ€™?
[2.700s]    19 |         [01;31m[Ktarget_y_1[m[K = 3.0;
[2.700s]       |         [01;31m[K^~~~~~~~~~[m[K
[2.700s]       |         [32m[Ktarget_y_2[m[K
[2.710s] [01m[K/home/farelfebryan/finalproject_ws/src/keliling/src/kellLapangan.cpp:[m[K In member function â€˜[01m[Kvoid kellLapangan::pergerakanRobot(nav_msgs::msg::Odometry_<std::allocator<void> >::SharedPtr)[m[Kâ€™:
[2.710s] [01m[K/home/farelfebryan/finalproject_ws/src/keliling/src/kellLapangan.cpp:49:48:[m[K [01;31m[Kerror: [m[Kâ€˜[01m[Ktarget_x_1[m[Kâ€™ was not declared in this scope; did you mean â€˜[01m[Ktarget_x_2[m[Kâ€™?
[2.710s]    49 |         double distance_1 = std::sqrt(std::pow([01;31m[Ktarget_x_1[m[K - posisi_robot_x_1, 2) + std::pow(target_y_1 - posisi_robot_y_1, 2));
[2.710s]       |                                                [01;31m[K^~~~~~~~~~[m[K
[2.710s]       |                                                [32m[Ktarget_x_2[m[K
[2.715s] [01m[K/home/farelfebryan/finalproject_ws/src/keliling/src/kellLapangan.cpp:49:93:[m[K [01;31m[Kerror: [m[Kâ€˜[01m[Ktarget_y_1[m[Kâ€™ was not declared in this scope; did you mean â€˜[01m[Ktarget_y_2[m[Kâ€™?
[2.715s]    49 | qrt(std::pow(target_x_1 - posisi_robot_x_1, 2) + std::pow([01;31m[Ktarget_y_1[m[K - posisi_robot_y_1, 2));
[2.715s]       |                                                           [01;31m[K^~~~~~~~~~[m[K
[2.715s]       |                                                           [32m[Ktarget_y_2[m[K
[2.716s] [01m[K/home/farelfebryan/finalproject_ws/src/keliling/src/kellLapangan.cpp:77:13:[m[K [01;31m[Kerror: [m[Kâ€˜[01m[Kdistance[m[Kâ€™ was not declared in this scope; did you mean â€˜[01m[Kstd::distance[m[Kâ€™?
[2.716s]    77 |         if ([01;31m[Kdistance[m[K < 0.1) {
[2.716s]       |             [01;31m[K^~~~~~~~[m[K
[2.716s]       |             [32m[Kstd::distance[m[K
[2.716s] In file included from [01m[K/usr/include/c++/11/bits/stl_algobase.h:66[m[K,
[2.716s]                  from [01m[K/usr/include/c++/11/memory:63[m[K,
[2.717s]                  from [01m[K/opt/ros/humble/include/rclcpp/rclcpp/rclcpp.hpp:153[m[K,
[2.717s]                  from [01m[K/home/farelfebryan/finalproject_ws/src/keliling/src/kellLapangan.cpp:1[m[K:
[2.717s] [01m[K/usr/include/c++/11/bits/stl_iterator_base_funcs.h:138:5:[m[K [01;36m[Knote: [m[Kâ€˜[01m[Kstd::distance[m[Kâ€™ declared here
[2.717s]   138 |     [01;36m[Kdistance[m[K(_InputIterator __first, _InputIterator __last)
[2.717s]       |     [01;36m[K^~~~~~~~[m[K
[2.717s] [01m[K/home/farelfebryan/finalproject_ws/src/keliling/src/kellLapangan.cpp:106:35:[m[K [01;31m[Kerror: [m[Kredeclaration of â€˜[01m[Kgeometry_msgs::msg::Twist move[m[Kâ€™
[2.717s]   106 |         geometry_msgs::msg::Twist [01;31m[Kmove[m[K;
[2.717s]       |                                   [01;31m[K^~~~[m[K
[2.717s] [01m[K/home/farelfebryan/finalproject_ws/src/keliling/src/kellLapangan.cpp:67:35:[m[K [01;36m[Knote: [m[Kâ€˜[01m[Kgeometry_msgs::msg::Twist move[m[Kâ€™ previously declared here
[2.718s]    67 |         geometry_msgs::msg::Twist [01;36m[Kmove[m[K;
[2.718s]       |                                   [01;36m[K^~~~[m[K
[2.718s] [01m[K/home/farelfebryan/finalproject_ws/src/keliling/src/kellLapangan.cpp:116:13:[m[K [01;31m[Kerror: [m[Kâ€˜[01m[Kdistance[m[Kâ€™ was not declared in this scope; did you mean â€˜[01m[Kstd::distance[m[Kâ€™?
[2.718s]   116 |         if ([01;31m[Kdistance[m[K < 0.1) {
[2.718s]       |             [01;31m[K^~~~~~~~[m[K
[2.718s]       |             [32m[Kstd::distance[m[K
[2.719s] In file included from [01m[K/usr/include/c++/11/bits/stl_algobase.h:66[m[K,
[2.719s]                  from [01m[K/usr/include/c++/11/memory:63[m[K,
[2.719s]                  from [01m[K/opt/ros/humble/include/rclcpp/rclcpp/rclcpp.hpp:153[m[K,
[2.719s]                  from [01m[K/home/farelfebryan/finalproject_ws/src/keliling/src/kellLapangan.cpp:1[m[K:
[2.719s] [01m[K/usr/include/c++/11/bits/stl_iterator_base_funcs.h:138:5:[m[K [01;36m[Knote: [m[Kâ€˜[01m[Kstd::distance[m[Kâ€™ declared here
[2.719s]   138 |     [01;36m[Kdistance[m[K(_InputIterator __first, _InputIterator __last)
[2.719s]       |     [01;36m[K^~~~~~~~[m[K
[5.353s] gmake[2]: *** [CMakeFiles/kell_lapangan.dir/build.make:76: CMakeFiles/kell_lapangan.dir/src/kellLapangan.cpp.o] Error 1
[5.353s] gmake[1]: *** [CMakeFiles/Makefile2:137: CMakeFiles/kell_lapangan.dir/all] Error 2
[5.353s] gmake: *** [Makefile:146: all] Error 2
[5.356s] Invoked command in '/home/farelfebryan/finalproject_ws/build/keliling' returned '2': CMAKE_PREFIX_PATH=${CMAKE_PREFIX_PATH}:/opt/ros/humble /usr/bin/cmake --build /home/farelfebryan/finalproject_ws/build/keliling -- -j8 -l8
