[01m[K/home/farelfebryan/finalproject_ws/src/keliling/src/kellLapangan.cpp:[m[K In constructor â€˜[01m[KkellLapangan::kellLapangan()[m[Kâ€™:
[01m[K/home/farelfebryan/finalproject_ws/src/keliling/src/kellLapangan.cpp:13:45:[m[K [01;31m[Kerror: [m[Kclass â€˜[01m[KkellLapangan[m[Kâ€™ does not have any field named â€˜[01m[Kcurrent_target_[m[Kâ€™
   13 |     kellLapangan() : Node("kell_lapangan"), [01;31m[Kcurrent_target_[m[K(0) {
      |                                             [01;31m[K^~~~~~~~~~~~~~~[m[K
In file included from [01m[K/opt/ros/humble/include/rclcpp/rclcpp/logging.hpp:24[m[K,
                 from [01m[K/opt/ros/humble/include/rclcpp/rclcpp/client.hpp:40[m[K,
                 from [01m[K/opt/ros/humble/include/rclcpp/rclcpp/callback_group.hpp:24[m[K,
                 from [01m[K/opt/ros/humble/include/rclcpp/rclcpp/any_executable.hpp:20[m[K,
                 from [01m[K/opt/ros/humble/include/rclcpp/rclcpp/memory_strategy.hpp:25[m[K,
                 from [01m[K/opt/ros/humble/include/rclcpp/rclcpp/memory_strategies.hpp:18[m[K,
                 from [01m[K/opt/ros/humble/include/rclcpp/rclcpp/executor_options.hpp:20[m[K,
                 from [01m[K/opt/ros/humble/include/rclcpp/rclcpp/executor.hpp:37[m[K,
                 from [01m[K/opt/ros/humble/include/rclcpp/rclcpp/executors/multi_threaded_executor.hpp:25[m[K,
                 from [01m[K/opt/ros/humble/include/rclcpp/rclcpp/executors.hpp:21[m[K,
                 from [01m[K/opt/ros/humble/include/rclcpp/rclcpp/rclcpp.hpp:155[m[K,
                 from [01m[K/home/farelfebryan/finalproject_ws/src/keliling/src/kellLapangan.cpp:1[m[K:
[01m[K/home/farelfebryan/finalproject_ws/src/keliling/src/kellLapangan.cpp:[m[K In member function â€˜[01m[Kvoid kellLapangan::pergerakanRobot(nav_msgs::msg::Odometry_<std::allocator<void> >::SharedPtr)[m[Kâ€™:
[01m[K/home/farelfebryan/finalproject_ws/src/keliling/src/kellLapangan.cpp:70:62:[m[K [01;31m[Kerror: [m[Kâ€˜[01m[Kcurrent_target_[m[Kâ€™ was not declared in this scope; did you mean â€˜[01m[Kcurrent_target[m[Kâ€™?
   70 | P_INFO(this->get_logger(), "Target ke-%zu", [01;31m[Kcurrent_target_[m[K + 1);
      |                                             [01;31m[K^~~~~~~~~~~~~~~[m[K

gmake[2]: *** [CMakeFiles/kell_lapangan.dir/build.make:76: CMakeFiles/kell_lapangan.dir/src/kellLapangan.cpp.o] Error 1
gmake[1]: *** [CMakeFiles/Makefile2:137: CMakeFiles/kell_lapangan.dir/all] Error 2
gmake: *** [Makefile:146: all] Error 2
