[0.028s] Invoking command in '/home/farelfebryan/finalproject_ws/build/keliling': CMAKE_PREFIX_PATH=${CMAKE_PREFIX_PATH}:/opt/ros/humble /usr/bin/cmake --build /home/farelfebryan/finalproject_ws/build/keliling -- -j8 -l8
[0.078s] [35m[1mConsolidate compiler generated dependencies of target kell_lapangan[0m
[0.104s] [ 50%] [32mBuilding CXX object CMakeFiles/kell_lapangan.dir/src/kellLapangan.cpp.o[0m
[2.677s] [01m[K/home/farelfebryan/finalproject_ws/src/keliling/src/kellLapangan.cpp:[m[K In constructor â€˜[01m[KkellLapangan::kellLapangan()[m[Kâ€™:
[2.677s] [01m[K/home/farelfebryan/finalproject_ws/src/keliling/src/kellLapangan.cpp:13:45:[m[K [01;31m[Kerror: [m[Kclass â€˜[01m[KkellLapangan[m[Kâ€™ does not have any field named â€˜[01m[Kcurrent_target_[m[Kâ€™
[2.678s]    13 |     kellLapangan() : Node("kell_lapangan"), [01;31m[Kcurrent_target_[m[K(0) {
[2.678s]       |                                             [01;31m[K^~~~~~~~~~~~~~~[m[K
[2.707s] In file included from [01m[K/opt/ros/humble/include/rclcpp/rclcpp/logging.hpp:24[m[K,
[2.707s]                  from [01m[K/opt/ros/humble/include/rclcpp/rclcpp/client.hpp:40[m[K,
[2.708s]                  from [01m[K/opt/ros/humble/include/rclcpp/rclcpp/callback_group.hpp:24[m[K,
[2.708s]                  from [01m[K/opt/ros/humble/include/rclcpp/rclcpp/any_executable.hpp:20[m[K,
[2.708s]                  from [01m[K/opt/ros/humble/include/rclcpp/rclcpp/memory_strategy.hpp:25[m[K,
[2.708s]                  from [01m[K/opt/ros/humble/include/rclcpp/rclcpp/memory_strategies.hpp:18[m[K,
[2.708s]                  from [01m[K/opt/ros/humble/include/rclcpp/rclcpp/executor_options.hpp:20[m[K,
[2.708s]                  from [01m[K/opt/ros/humble/include/rclcpp/rclcpp/executor.hpp:37[m[K,
[2.708s]                  from [01m[K/opt/ros/humble/include/rclcpp/rclcpp/executors/multi_threaded_executor.hpp:25[m[K,
[2.708s]                  from [01m[K/opt/ros/humble/include/rclcpp/rclcpp/executors.hpp:21[m[K,
[2.708s]                  from [01m[K/opt/ros/humble/include/rclcpp/rclcpp/rclcpp.hpp:155[m[K,
[2.708s]                  from [01m[K/home/farelfebryan/finalproject_ws/src/keliling/src/kellLapangan.cpp:1[m[K:
[2.708s] [01m[K/home/farelfebryan/finalproject_ws/src/keliling/src/kellLapangan.cpp:[m[K In member function â€˜[01m[Kvoid kellLapangan::pergerakanRobot(nav_msgs::msg::Odometry_<std::allocator<void> >::SharedPtr)[m[Kâ€™:
[2.708s] [01m[K/home/farelfebryan/finalproject_ws/src/keliling/src/kellLapangan.cpp:70:62:[m[K [01;31m[Kerror: [m[Kâ€˜[01m[Kcurrent_target_[m[Kâ€™ was not declared in this scope; did you mean â€˜[01m[Kcurrent_target[m[Kâ€™?
[2.708s]    70 | P_INFO(this->get_logger(), "Target ke-%zu", [01;31m[Kcurrent_target_[m[K + 1);
[2.708s]       |                                             [01;31m[K^~~~~~~~~~~~~~~[m[K
[2.709s] 
[5.387s] gmake[2]: *** [CMakeFiles/kell_lapangan.dir/build.make:76: CMakeFiles/kell_lapangan.dir/src/kellLapangan.cpp.o] Error 1
[5.388s] gmake[1]: *** [CMakeFiles/Makefile2:137: CMakeFiles/kell_lapangan.dir/all] Error 2
[5.388s] gmake: *** [Makefile:146: all] Error 2
[5.390s] Invoked command in '/home/farelfebryan/finalproject_ws/build/keliling' returned '2': CMAKE_PREFIX_PATH=${CMAKE_PREFIX_PATH}:/opt/ros/humble /usr/bin/cmake --build /home/farelfebryan/finalproject_ws/build/keliling -- -j8 -l8
